<?xml version="1.0" encoding="UTF-8"?>
<!-- Generated by org.testng.reporters.JUnitReportReporter -->
<testsuite hostname="DESKTOP-HAIIK4K" failures="0" tests="1" name="TestCases.CheckoutTestCase" time="35.106" errors="0" timestamp="2025-09-27T18:52:52 IST" skipped="0">
  <testcase classname="TestCases.CheckoutTestCase" name="checkoutcase" time="35.106"/>
</testsuite> <!-- TestCases.CheckoutTestCase -->
